0 info it worked if it ends with ok
1 verbose cli [ '/usr/bin/node',
1 verbose cli   '/usr/bin/npm',
1 verbose cli   'install',
1 verbose cli   '--save',
1 verbose cli   'express@4.10.2' ]
2 info using npm@1.4.28
3 info using node@v0.10.33
4 verbose node symlink /usr/bin/node
5 warn package.json karma-chrome-launcher@0.1.5 No README data
6 warn package.json karma-coffee-preprocessor@0.2.1 No README data
7 warn package.json karma-phantomjs-launcher@0.1.4 No README data
8 verbose readDependencies using package.json deps
9 verbose cache add [ 'express@4.10.2', null ]
10 verbose cache add name=undefined spec="express@4.10.2" args=["express@4.10.2",null]
11 verbose parsed url { protocol: null,
11 verbose parsed url   slashes: null,
11 verbose parsed url   auth: null,
11 verbose parsed url   host: null,
11 verbose parsed url   port: null,
11 verbose parsed url   hostname: null,
11 verbose parsed url   hash: null,
11 verbose parsed url   search: null,
11 verbose parsed url   query: null,
11 verbose parsed url   pathname: 'express@4.10.2',
11 verbose parsed url   path: 'express@4.10.2',
11 verbose parsed url   href: 'express@4.10.2' }
12 verbose cache add name="express" spec="4.10.2" args=["express","4.10.2"]
13 verbose parsed url { protocol: null,
13 verbose parsed url   slashes: null,
13 verbose parsed url   auth: null,
13 verbose parsed url   host: null,
13 verbose parsed url   port: null,
13 verbose parsed url   hostname: null,
13 verbose parsed url   hash: null,
13 verbose parsed url   search: null,
13 verbose parsed url   query: null,
13 verbose parsed url   pathname: '4.10.2',
13 verbose parsed url   path: '4.10.2',
13 verbose parsed url   href: '4.10.2' }
14 verbose addNamed [ 'express', '4.10.2' ]
15 verbose addNamed [ '4.10.2', '4.10.2' ]
16 silly lockFile 787e98b4-express-4-10-2 express@4.10.2
17 verbose lock express@4.10.2 /home/joddsson/.npm/787e98b4-express-4-10-2.lock
18 verbose request where is /express
19 verbose request registry https://registry.npmjs.org/
20 verbose request id f1abfa234f43e03f
21 verbose url raw /express
22 verbose url resolving [ 'https://registry.npmjs.org/', './express' ]
23 verbose url resolved https://registry.npmjs.org/express
24 verbose request where is https://registry.npmjs.org/express
25 info trying registry request attempt 1 at 14:58:04
26 verbose etag "C06J41JS24SUI4M317E6WUU8Z"
27 http GET https://registry.npmjs.org/express
28 http 200 https://registry.npmjs.org/express
29 silly registry.get cb [ 200,
29 silly registry.get   { date: 'Wed, 10 Dec 2014 14:58:04 GMT',
29 silly registry.get     server: 'CouchDB/1.5.0 (Erlang OTP/R16B03)',
29 silly registry.get     etag: '"6SD3GHYEMF4H677ZCSJV3RT9Q"',
29 silly registry.get     'content-type': 'application/json',
29 silly registry.get     'cache-control': 'max-age=60',
29 silly registry.get     'content-length': '431677',
29 silly registry.get     'accept-ranges': 'bytes',
29 silly registry.get     via: '1.1 varnish',
29 silly registry.get     age: '45',
29 silly registry.get     'x-served-by': 'cache-fra1223-FRA',
29 silly registry.get     'x-cache': 'HIT',
29 silly registry.get     'x-cache-hits': '3',
29 silly registry.get     'x-timer': 'S1418223484.249456,VS0,VE0',
29 silly registry.get     vary: 'Accept',
29 silly registry.get     'keep-alive': 'timeout=10, max=50',
29 silly registry.get     connection: 'Keep-Alive' } ]
30 silly lockFile d0bb09e8-s-org-express-express-4-10-2-tgz https://registry.npmjs.org/express/-/express-4.10.2.tgz
31 verbose lock https://registry.npmjs.org/express/-/express-4.10.2.tgz /home/joddsson/.npm/d0bb09e8-s-org-express-express-4-10-2-tgz.lock
32 verbose addRemoteTarball [ 'https://registry.npmjs.org/express/-/express-4.10.2.tgz',
32 verbose addRemoteTarball   'df06dde94d968932829d440a2004c5efe64495b0' ]
33 info retry fetch attempt 1 at 14:58:05
34 verbose fetch to= /tmp/npm-5509-W1cYxqvm/registry.npmjs.org/express/-/express-4.10.2.tgz
35 http GET https://registry.npmjs.org/express/-/express-4.10.2.tgz
36 http 200 https://registry.npmjs.org/express/-/express-4.10.2.tgz
37 silly lockFile d0bb09e8-s-org-express-express-4-10-2-tgz https://registry.npmjs.org/express/-/express-4.10.2.tgz
38 silly lockFile d0bb09e8-s-org-express-express-4-10-2-tgz https://registry.npmjs.org/express/-/express-4.10.2.tgz
39 silly lockFile 787e98b4-express-4-10-2 express@4.10.2
40 silly lockFile 787e98b4-express-4-10-2 express@4.10.2
41 error Error: EACCES, mkdir '/home/joddsson/.npm/express/4.10.2'
41 error  { [Error: EACCES, mkdir '/home/joddsson/.npm/express/4.10.2']
41 error   errno: 3,
41 error   code: 'EACCES',
41 error   path: '/home/joddsson/.npm/express/4.10.2',
41 error   parent: 'tictactoe' }
42 error Please try running this command again as root/Administrator.
43 error System Linux 3.13.0-40-generic
44 error command "/usr/bin/node" "/usr/bin/npm" "install" "--save" "express@4.10.2"
45 error cwd /home/joddsson/Documents/Repos/tictactoe
46 error node -v v0.10.33
47 error npm -v 1.4.28
48 error path /home/joddsson/.npm/express/4.10.2
49 error code EACCES
50 error errno 3
51 error stack Error: EACCES, mkdir '/home/joddsson/.npm/express/4.10.2'
52 verbose exit [ 3, true ]
